#
# There is insufficient memory for the Java Runtime Environment to continue.
# Native memory allocation (mmap) failed to map 251658240 bytes for Failed to commit area from 0x0000000711200000 to 0x0000000720200000 of length 251658240.
# Possible reasons:
#   The system is out of physical RAM or swap space
#   The process is running with CompressedOops enabled, and the Java Heap may be blocking the growth of the native heap
# Possible solutions:
#   Reduce memory load on the system
#   Increase physical memory or swap space
#   Check if swap backing store is full
#   Decrease Java heap size (-Xmx/-Xms)
#   Decrease number of Java threads
#   Decrease Java thread stack sizes (-Xss)
#   Set larger code cache with -XX:ReservedCodeCacheSize=
# This output file may be truncated or incomplete.
#
#  Out of Memory Error (t:/workspace/open/src/hotspot/os/windows/os_windows.cpp:3269), pid=5280, tid=37844
#
# JRE version:  (11.0+28) (build )
# Java VM: OpenJDK 64-Bit Server VM (11+28, mixed mode, aot, sharing, tiered, compressed oops, g1 gc, windows-amd64)
# No core dump will be written. Minidumps are not enabled by default on client versions of Windows
#

---------------  S U M M A R Y ------------

Command Line: -Dfile.encoding=Cp1252 floristShop.app.FloristShopApp

Host: AMD Ryzen 5 2400G with Radeon Vega Graphics    , 8 cores, 14G,  Windows 10 , 64 bit Build 18362 (10.0.18362.1082)
Time: Thu Oct  8 18:45:50 2020 Hora de verano romance elapsed time: 0 seconds (0d 0h 0m 0s)

---------------  T H R E A D  ---------------

Current thread (0x000002b50b717000):  JavaThread "Unknown thread" [_thread_in_vm, id=37844, stack(0x000000ba4df00000,0x000000ba4e000000)]

Stack: [0x000000ba4df00000,0x000000ba4e000000]
Native frames: (J=compiled Java code, j=interpreted, Vv=VM code, C=native code)
V  [jvm.dll+0x63adaa]
V  [jvm.dll+0x77852f]
V  [jvm.dll+0x779b18]
V  [jvm.dll+0x77a1d3]
V  [jvm.dll+0x2624c8]
V  [jvm.dll+0x63825a]
V  [jvm.dll+0x62cb15]
V  [jvm.dll+0x31563c]
V  [jvm.dll+0x3154c2]
V  [jvm.dll+0x31ad36]
V  [jvm.dll+0x36726f]
V  [jvm.dll+0x366c90]
V  [jvm.dll+0x2f2378]
V  [jvm.dll+0x2f34d6]
V  [jvm.dll+0x7517d7]
V  [jvm.dll+0x752f1f]
V  [jvm.dll+0x374099]
V  [jvm.dll+0x738059]
V  [jvm.dll+0x3e35fd]
V  [jvm.dll+0x3e5961]
C  [javaw.exe+0x3613]
C  [javaw.exe+0x17a6c]
C  [KERNEL32.DLL+0x17bd4]
C  [ntdll.dll+0x6ce51]


---------------  P R O C E S S  ---------------

Threads class SMR info:
_java_thread_list=0x000002b5094a3db0, length=0, elements={
}

Java Threads: ( => current thread )

Other Threads:
  0x000002b50b72e800 GCTaskThread "GC Thread#0" [stack: 0x000000ba4e000000,0x000000ba4e100000] [id=34804]
  0x000002b50b785000 ConcurrentGCThread "G1 Main Marker" [stack: 0x000000ba4e100000,0x000000ba4e200000] [id=8632]
  0x000002b50b78a800 ConcurrentGCThread "G1 Conc#0" [stack: 0x000000ba4e200000,0x000000ba4e300000] [id=18728]

[error occurred during error reporting (printing all threads), id 0xc0000005, EXCEPTION_ACCESS_VIOLATION (0xc0000005) at pc=0x00007ffd7cbe0d37]

VM state:not at safepoint (not fully initialized)

VM Mutex/Monitor currently owned by a thread:  ([mutex/lock_event])
[0x000002b50b716930] Heap_lock - owner thread: 0x000002b50b717000

Heap address: 0x0000000711200000, size: 3822 MB, Compressed Oops mode: Non-zero based: 0x0000000711200000
Narrow klass base: 0x0000000000000000, Narrow klass shift: 0

GC Heap History (0 events):
No events

Deoptimization events (0 events):
No events

Classes redefined (0 events):
No events

Internal exceptions (0 events):
No events

Events (0 events):
No events


Dynamic libraries:
0x00007ff757630000 - 0x00007ff757675000 	C:\Openjdk-11\bin\javaw.exe
0x00007ffdb7420000 - 0x00007ffdb7610000 	C:\WINDOWS\SYSTEM32\ntdll.dll
0x00007ffd93330000 - 0x00007ffd93342000 	C:\Program Files\AVAST Software\Avast\aswhook.dll
0x00007ffdb6490000 - 0x00007ffdb6542000 	C:\WINDOWS\System32\KERNEL32.DLL
0x00007ffdb49f0000 - 0x00007ffdb4c95000 	C:\WINDOWS\System32\KERNELBASE.dll
0x00007ffdb5950000 - 0x00007ffdb5ae5000 	C:\WINDOWS\System32\USER32.dll
0x00007ffdb4ca0000 - 0x00007ffdb4cc1000 	C:\WINDOWS\System32\win32u.dll
0x00007ffdb7010000 - 0x00007ffdb7036000 	C:\WINDOWS\System32\GDI32.dll
0x00007ffdb46b0000 - 0x00007ffdb4846000 	C:\WINDOWS\System32\gdi32full.dll
0x00007ffdb43b0000 - 0x00007ffdb444e000 	C:\WINDOWS\System32\msvcp_win.dll
0x00007ffdb48c0000 - 0x00007ffdb49ba000 	C:\WINDOWS\System32\ucrtbase.dll
0x00007ffd9d6b0000 - 0x00007ffd9d934000 	C:\WINDOWS\WinSxS\amd64_microsoft.windows.common-controls_6595b64144ccf1df_6.0.18362.1082_none_9e8193e1e45b25c1\COMCTL32.dll
0x00007ffdb6910000 - 0x00007ffdb69ae000 	C:\WINDOWS\System32\msvcrt.dll
0x00007ffdb54f0000 - 0x00007ffdb5825000 	C:\WINDOWS\System32\combase.dll
0x00007ffdb5830000 - 0x00007ffdb5950000 	C:\WINDOWS\System32\RPCRT4.dll
0x00007ffdb4cd0000 - 0x00007ffdb4d50000 	C:\WINDOWS\System32\bcryptPrimitives.dll
0x00007ffdb6740000 - 0x00007ffdb676e000 	C:\WINDOWS\System32\IMM32.DLL
0x00007ffdab690000 - 0x00007ffdab6a6000 	C:\Openjdk-11\bin\vcruntime140.dll
0x00007ffda7d40000 - 0x00007ffda7dea000 	C:\Openjdk-11\bin\msvcp140.dll
0x00007ffd7c8e0000 - 0x00007ffd7d421000 	C:\Openjdk-11\bin\server\jvm.dll
0x00007ffdb6f60000 - 0x00007ffdb7003000 	C:\WINDOWS\System32\ADVAPI32.dll
0x00007ffdb7040000 - 0x00007ffdb70d7000 	C:\WINDOWS\System32\sechost.dll
0x00007ffdb54e0000 - 0x00007ffdb54e8000 	C:\WINDOWS\System32\PSAPI.DLL
0x00007ffda6e60000 - 0x00007ffda6e69000 	C:\WINDOWS\SYSTEM32\WSOCK32.dll
0x00007ffdb6840000 - 0x00007ffdb68af000 	C:\WINDOWS\System32\WS2_32.dll
0x00007ffdb1080000 - 0x00007ffdb10a4000 	C:\WINDOWS\SYSTEM32\WINMM.dll
0x00007ffdadef0000 - 0x00007ffdadefa000 	C:\WINDOWS\SYSTEM32\VERSION.dll
0x00007ffdb0a90000 - 0x00007ffdb0abd000 	C:\WINDOWS\SYSTEM32\WINMMBASE.dll
0x00007ffdb4850000 - 0x00007ffdb489a000 	C:\WINDOWS\System32\cfgmgr32.dll
0x00007ffdb4390000 - 0x00007ffdb43a1000 	C:\WINDOWS\System32\kernel.appcore.dll
0x00007ffda89f0000 - 0x00007ffda8a01000 	C:\Openjdk-11\bin\verify.dll
0x00007ffdb2a10000 - 0x00007ffdb2c04000 	C:\WINDOWS\SYSTEM32\DBGHELP.DLL
0x00007ffdacaf0000 - 0x00007ffdacb1a000 	C:\WINDOWS\SYSTEM32\dbgcore.DLL
0x00007ffda85d0000 - 0x00007ffda85f8000 	C:\Openjdk-11\bin\java.dll
0x00007ffda8420000 - 0x00007ffda8436000 	C:\Openjdk-11\bin\zip.dll
0x00007ffdb1990000 - 0x00007ffdb199a000 	C:\Openjdk-11\bin\jimage.dll

dbghelp: loaded successfully - version: 4.0.5 - missing functions: none
symbol engine: initialized successfully - sym options: 0x614 - pdb path: .;C:\Openjdk-11\bin;C:\WINDOWS\SYSTEM32;C:\Program Files\AVAST Software\Avast;C:\WINDOWS\WinSxS\amd64_microsoft.windows.common-controls_6595b64144ccf1df_6.0.18362.1082_none_9e8193e1e45b25c1;C:\Openjdk-11\bin\server

VM Arguments:
jvm_args: -Dfile.encoding=Cp1252 
java_command: floristShop.app.FloristShopApp
java_class_path (initial): C:\Users\rhia7\Documents\GitHub\ITAcademyM10BrahimRoser\bin
Launcher Type: SUN_STANDARD

[Global flags]
     intx CICompilerCount                          = 4                                         {product} {ergonomic}
     uint ConcGCThreads                            = 2                                         {product} {ergonomic}
     uint G1ConcRefinementThreads                  = 8                                         {product} {ergonomic}
   size_t G1HeapRegionSize                         = 1048576                                   {product} {ergonomic}
    uintx GCDrainStackTargetSize                   = 64                                        {product} {ergonomic}
   size_t InitialHeapSize                          = 251658240                                 {product} {ergonomic}
   size_t MarkStackSize                            = 4194304                                   {product} {ergonomic}
   size_t MaxHeapSize                              = 4007657472                                {product} {ergonomic}
   size_t MinHeapDeltaBytes                        = 1048576                                   {product} {ergonomic}
    uintx NonNMethodCodeHeapSize                   = 5835340                                {pd product} {ergonomic}
    uintx NonProfiledCodeHeapSize                  = 122911450                              {pd product} {ergonomic}
    uintx ProfiledCodeHeapSize                     = 122911450                              {pd product} {ergonomic}
    uintx ReservedCodeCacheSize                    = 251658240                              {pd product} {ergonomic}
     bool SegmentedCodeCache                       = true                                      {product} {ergonomic}
     bool UseCompressedClassPointers               = true                                 {lp64_product} {ergonomic}
     bool UseCompressedOops                        = true                                 {lp64_product} {ergonomic}
     bool UseG1GC                                  = true                                      {product} {ergonomic}
     bool UseLargePagesIndividualAllocation        = false                                  {pd product} {ergonomic}

Logging:
Log output configuration:
 #0: stdout all=warning uptime,level,tags
 #1: stderr all=off uptime,level,tags

Environment Variables:
PATH=C:/Program Files/Java/jre1.8.0_261/bin/server;C:/Program Files/Java/jre1.8.0_261/bin;C:/Program Files/Java/jre1.8.0_261/lib/amd64;C:\Program Files (x86)\Common Files\Oracle\Java\javapath;C:\WINDOWS\system32;C:\WINDOWS;C:\WINDOWS\System32\Wbem;C:\WINDOWS\System32\WindowsPowerShell\v1.0\;C:\WINDOWS\System32\OpenSSH\;C:\Program Files\dotnet\;C:\Program Files\AutoFirma\AutoFirma;C:\Openjdk-11\bin;C:\Openjdk-14.0.1\bin;C:\Program Files\Git\cmd;C:\Users\rhia7\AppData\Local\Microsoft\WindowsApps;C:\Users\rhia7\AppData\Local\GitHubDesktop\bin;C:\java\jdk-14.0.1\bin;;C:\eclipse;
USERNAME=rhia7
OS=Windows_NT
PROCESSOR_IDENTIFIER=AMD64 Family 23 Model 17 Stepping 0, AuthenticAMD



---------------  S Y S T E M  ---------------

OS: Windows 10 , 64 bit Build 18362 (10.0.18362.1082)

CPU:total 8 (initial active 8) (8 cores per cpu, 2 threads per core) family 23 model 17 stepping 0, cmov, cx8, fxsr, mmx, sse, sse2, sse3, ssse3, sse4.1, sse4.2, popcnt, avx, avx2, aes, clmul, mmxext, 3dnowpref, lzcnt, sse4a, ht, tsc, tscinvbit, tscinv, bmi1, bmi2, adx, sha, fma

Memory: 4k page, system-wide physical 15284M (6083M free)
TotalPageFile size 62388M (AvailPageFile size 39M)
current process WorkingSet (physical memory assigned to process): 10M, peak: 10M
current process commit charge ("private bytes"): 60M, peak: 300M

vm_info: OpenJDK 64-Bit Server VM (11+28) for windows-amd64 JRE (11+28), built on Aug 23 2018 03:04:58 by "mach5one" with MS VC++ 15.5 (VS2017)

END.
